<?xml version="1.0" encoding="UTF-8"?>
<testsuite xmlns:xsi="http://www.w3.org/2001/XMLSchema-instance" xsi:noNamespaceSchemaLocation="https://maven.apache.org/surefire/maven-surefire-plugin/xsd/surefire-test-report.xsd" name="it.tss.blogapp.boundary.UsersResourceIT" time="1.796" tests="3" errors="0" skipped="0" failures="0">
  <properties>
[...]
</properties>
  <testcase name="registration" classname="it.tss.blogapp.boundary.UsersResourceIT" time="0.409"/>
  <testcase name="login" classname="it.tss.blogapp.boundary.UsersResourceIT" time="0.054"/>
  <testcase name="delete" classname="it.tss.blogapp.boundary.UsersResourceIT" time="0.07"/>
</testsuite>